<?xml version="1.0" encoding="UTF-8"?>
<!-- Generated by org.testng.reporters.JUnitXMLReporter -->
<testsuite ignored="0" hostname="WINDOWS-H6EFL0Q" failures="0" tests="1" name="Test" time="0.073" errors="0" timestamp="2020-10-04T21:37:16 EEST">
  <testcase classname="com.inetBanking.testCases.BaseClass" name="@BeforeClass setup" time="-1.601836636207E9">
    <failure type="org.testng.TestNGException" message="
Parameter &amp;apos;browser&amp;apos; is required by BeforeClass on method setup but has not been marked @Optional or defined
in C:\Users\Victor\eclipse-workspace\inetBankingV5\testng.xml">
      <![CDATA[org.testng.TestNGException: 
Parameter 'browser' is required by BeforeClass on method setup but has not been marked @Optional or defined
in C:\Users\Victor\eclipse-workspace\inetBankingV5\testng.xml
at java.base/java.util.ArrayList.forEach(ArrayList.java:1540)
... Removed 22 stack frames]]>
    </failure>
  </testcase> <!-- @BeforeClass setup -->
  <testcase classname="com.inetBanking.testCases.BaseClass" name="@AfterClass quitBrowser" time="-1.60183663625E9">
    <skipped/>
  </testcase> <!-- @AfterClass quitBrowser -->
  <testcase classname="com.inetBanking.testCases.TC_LoginTest_001" name="loginInApp" time="0.0">
    <skipped/>
  </testcase> <!-- loginInApp -->
</testsuite> <!-- Test -->
