<?xml version="1.0" encoding="UTF-8"?>
<!-- Generated by org.testng.reporters.JUnitXMLReporter -->
<testsuite ignored="0" hostname="WINDOWS-H6EFL0Q" failures="1" tests="2" name="TestChrome" time="33.811" errors="0" timestamp="2020-11-01T11:27:51 EET">
  <testcase classname="com.inetBanking.testCases.TC_LoginTest_001" name="loginInApp" time="4.605"/>
  <testcase classname="com.inetBanking.testCases.TC_EditAccount_007" name="editAccount" time="10.13">
    <failure type="java.lang.AssertionError" message="expected [true] but found [false]">
      <![CDATA[java.lang.AssertionError: expected [true] but found [false]
at com.inetBanking.testCases.TC_EditAccount_007.editAccount(TC_EditAccount_007.java:43)
at java.base/java.util.ArrayList.forEach(ArrayList.java:1540)
... Removed 34 stack frames]]>
    </failure>
  </testcase> <!-- editAccount -->
</testsuite> <!-- TestChrome -->
